<?xml version="1.0" encoding="UTF-8"?>
<testng-results ignored="0" total="4" passed="4" failed="0" skipped="0">
  <reporter-output>
  </reporter-output>
  <suite started-at="2023-04-14T23:03:12 IST" name="Suite" finished-at="2023-04-14T23:03:26 IST" duration-ms="13753">
    <groups>
    </groups>
    <test started-at="2023-04-14T23:03:12 IST" name="Test" finished-at="2023-04-14T23:03:26 IST" duration-ms="13753">
      <class name="api.test.UserTestCases">
        <test-method is-config="true" signature="setupData()[pri:0, instance:api.test.UserTestCases@53fdffa1]" started-at="2023-04-14T23:03:13 IST" name="setupData" finished-at="2023-04-14T23:03:13 IST" duration-ms="308" status="PASS">
          <reporter-output>
          </reporter-output>
        </test-method> <!-- setupData -->
        <test-method signature="testPostUser()[pri:1, instance:api.test.UserTestCases@53fdffa1]" started-at="2023-04-14T23:03:13 IST" name="testPostUser" finished-at="2023-04-14T23:03:19 IST" duration-ms="5598" status="PASS">
          <reporter-output>
          </reporter-output>
        </test-method> <!-- testPostUser -->
        <test-method signature="testUserByName()[pri:2, instance:api.test.UserTestCases@53fdffa1]" started-at="2023-04-14T23:03:19 IST" name="testUserByName" finished-at="2023-04-14T23:03:21 IST" duration-ms="1794" status="PASS">
          <reporter-output>
          </reporter-output>
        </test-method> <!-- testUserByName -->
        <test-method signature="testUpdateByName()[pri:3, instance:api.test.UserTestCases@53fdffa1]" started-at="2023-04-14T23:03:21 IST" name="testUpdateByName" finished-at="2023-04-14T23:03:24 IST" duration-ms="3552" status="PASS">
          <reporter-output>
          </reporter-output>
        </test-method> <!-- testUpdateByName -->
        <test-method signature="testDeleteUserByName()[pri:4, instance:api.test.UserTestCases@53fdffa1]" started-at="2023-04-14T23:03:24 IST" name="testDeleteUserByName" finished-at="2023-04-14T23:03:26 IST" duration-ms="1937" status="PASS">
          <reporter-output>
          </reporter-output>
        </test-method> <!-- testDeleteUserByName -->
      </class> <!-- api.test.UserTestCases -->
    </test> <!-- Test -->
  </suite> <!-- Suite -->
</testng-results>
